Machine model: MacBookPro17,1
OS version: 23G93
Boot arguments: 
Boot time: Mon Feb 10 09:18:58 2025



*** Sampled system activity (Tue Feb 25 20:40:12 2025 +0100) (5010.53ms elapsed) ***

*** Running tasks ***

Name                               ID     CPU ms/s  User%  Deadlines (<2 ms, 2-5 ms)  Wakeups (Intr, Pkg idle)
java                               71867  423.09    94.43  1.00    0.20               41.08   3.59              
python3.13                         71792  124.18    95.67  0.00    0.00               3.19    0.20              
Code Helper (Renderer)             87571  128.00    89.41  20.74   1.79               26.12   1.20              
DEAD_TASKS                         -1     21.46     58.85  0.00    0.00               0.00    0.00              
Code Helper (GPU)                  64886  148.17    75.16  0.00    0.00               122.44  13.16             
kernel_task                        0      187.09    0.00   458.25  3.19               2415.46 354.75            
WindowServer                       155    333.55    63.40  110.27  0.00               479.98  18.94             
Electron                           64882  25.58     91.23  0.80    0.00               1.79    0.20              
Code Helper (Plugin)               87639  5.48      77.57  10.17   0.00               13.56   0.80              
powermetrics                       71866  3.53      7.94   0.00    0.00               0.20    0.00              
mdworker_shared                    71886  17.48     81.44  0.00    0.00               0.00    0.00              
Slack Helper (Renderer)            1220   6.45      75.66  0.60    0.20               1.99    0.00              
Code Helper                        65260  5.01      33.13  16.35   0.40               22.33   1.60              
idea                               63326  31.03     57.34  4.59    1.79               84.55   4.99              
Google Chrome Helper (Renderer)    71590  24.33     53.11  0.00    0.00               192.23  1.20              
logd_helper                        71841  7.76      6.53   0.00    0.00               0.00    0.00              
fseventsd                          92     9.59      48.70  0.60    0.00               7.18    0.40              
Code Helper                        87638  1.17      57.62  5.18    0.00               6.38    0.00              
node                               65272  0.79      81.55  1.00    0.00               1.99    0.20              
mdworker_shared                    71850  2.75      83.12  0.00    0.00               0.00    0.00              
amfid                              71706  0.30      78.69  0.00    0.00               0.00    0.00              
Google Chrome                      454    5.05      64.72  0.00    0.00               3.39    0.00              
mds_stores                         327    4.01      74.12  0.00    0.00               0.20    0.00              
mdworker_shared                    71777  4.18      69.79  0.00    0.00               0.00    0.00              
trustd                             205    0.21      85.93  0.00    0.00               0.00    0.00              
mds                                116    3.50      49.49  0.00    0.00               3.39    0.20              
Google Chrome Helper               594    2.57      52.37  0.00    0.00               1.40    0.00              
logd                               87     3.62      37.53  0.00    0.00               0.20    0.00              
eligibilityd                       386    1.64      41.59  0.00    0.00               0.20    0.00              
countryd                           71592  1.23      46.74  0.00    0.00               0.00    0.00              
Code Helper                        64887  0.20      41.92  0.00    0.00               0.80    0.00              
Slack                              1214   0.71      52.17  0.60    0.00               1.60    0.00              
launchd                            1      0.90      41.33  0.00    0.00               0.00    0.00              
notifyd                            150    0.31      44.60  0.00    0.00               0.20    0.00              
Code Helper (Plugin)               80487  0.73      64.19  2.79    0.00               4.39    0.20              
airportd                           167    2.22      61.18  0.00    0.00               1.79    0.60              
java                               63736  2.95      42.25  0.00    0.00               28.72   2.59              
launchservicesd                    129    0.59      33.34  0.00    0.00               0.20    0.00              
Finder                             466    1.60      70.43  0.00    0.00               0.20    0.00              
opendirectoryd                     127    0.67      52.23  0.00    0.00               0.00    0.00              
Google Chrome Helper (Renderer)    2201   0.73      62.62  0.20    0.00               0.80    0.20              
corebrightnessd                    152    2.13      60.14  0.00    0.00               0.00    0.00              
symptomsd                          236    0.62      47.93  0.00    0.00               0.00    0.00              
java                               24680  0.62      45.89  0.00    0.00               28.52   2.19              
Code Helper (Renderer)             80434  0.10      59.55  0.00    0.00               0.00    0.00              
Code Helper                        23900  0.29      61.77  1.00    0.00               1.60    0.00              
Code Helper (Renderer)             76434  0.08      71.52  0.00    0.00               0.00    0.00              
cfprefsd                           401    0.37      77.07  0.00    0.00               0.00    0.00              
Code Helper (Plugin)               76507  0.08      81.82  0.00    0.00               0.20    0.00              
Code Helper (Plugin)               90335  0.31      66.58  0.60    0.00               0.80    0.00              
Google Chrome Helper (Renderer)    70335  1.89      81.85  0.00    0.00               23.93   2.79              
mDNSResponder                      203    0.45      45.96  1.99    0.00               2.99    0.60              
containermanagerd_system           70004  0.39      39.14  0.00    0.00               0.20    0.00              
audioclocksyncd                    323    1.30      54.83  0.00    0.00               0.00    0.00              
com.apple.AmbientDisplayAgent      5683   1.08      70.51  0.00    0.00               0.00    0.00              
UserEventAgent                     89     0.37      41.64  0.00    0.00               0.00    0.00              
bluetoothd                         44477  0.43      75.43  0.00    0.00               0.40    0.00              
ControlCenter                      463    1.13      76.56  0.00    0.00               0.60    0.00              
cfprefsd                           156    0.25      68.12  0.00    0.00               0.00    0.00              
TouchBarServer                     235    0.64      55.81  0.00    0.00               0.00    0.00              
Code Helper                        76508  0.31      55.05  0.80    0.00               1.40    0.00              
AXVisualSupportAgent               427    0.75      68.71  0.00    0.00               9.97    0.00              
Code Helper                        80486  0.18      45.18  0.80    0.00               1.40    0.00              
Google Chrome Helper (Renderer)    70401  0.43      24.54  0.00    0.00               0.60    0.00              
thermalmonitord                    126    0.61      26.17  0.00    0.00               1.00    0.00              
cpptools                           80916  0.16      41.47  0.00    0.00               2.79    0.20              
Code Helper (Renderer)             23842  0.08      80.92  0.00    0.00               0.00    0.00              
Google Chrome Helper (Renderer)    71604  0.93      88.30  0.00    0.00               2.79    0.00              
java                               63741  0.98      46.11  0.00    0.00               28.52   3.19              
distnoted                          398    0.20      94.07  0.00    0.00               0.00    0.00              
backupd                            98652  0.17      26.56  0.00    0.00               0.20    0.00              
Code Helper                        65258  0.16      91.82  0.00    0.00               0.40    0.00              
mdworker_shared                    71776  0.16      49.77  0.00    0.00               0.00    0.00              
Google Chrome Helper (Renderer)    71651  1.02      80.64  0.20    0.00               1.20    0.00              
lsd                                182    0.20      80.24  0.00    0.00               0.00    0.00              
Google Chrome Helper (Renderer)    70093  0.56      65.92  0.00    0.00               0.40    0.00              
Simulator                          41615  0.53      69.43  0.00    0.00               0.20    0.00              
cpptools                           90624  0.11      54.97  0.00    0.00               2.79    0.00              
powerd                             101    0.52      44.17  0.00    0.00               0.20    0.00              
distnoted                          140    0.18      54.45  0.00    0.00               0.00    0.00              
dasd                               137    0.27      63.82  0.00    0.00               0.20    0.20              
coreaudiod                         190    0.58      60.45  0.00    0.00               0.00    0.00              
cloudd                             16687  0.43      13.99  0.00    0.00               0.60    0.20              
Google Chrome Helper (GPU)         593    0.45      64.76  0.00    0.00               0.60    0.00              
PerfPowerServices                  62337  0.41      56.65  0.00    0.00               0.20    0.00              
fsnotifier                         63636  0.17      27.38  0.00    0.00               0.00    0.00              
Google Chrome Helper (Renderer)    60112  0.42      51.19  0.00    0.00               2.99    0.60              
com.apple.appkit.xpc.openAndSave   93117  0.20      49.55  0.00    0.00               0.00    0.00              
fileproviderd                      441    0.29      49.97  0.00    0.00               2.99    0.00              
sharingd                           505    0.18      71.17  0.00    0.00               0.80    0.20              
diskarbitrationd                   119    0.06      55.30  0.00    0.00               0.00    0.00              
syspolicyd                         313    0.13      46.35  0.00    0.00               0.60    0.40              
AMPLibraryAgent                    71677  0.24      48.69  0.00    0.00               11.37   0.20              
lsd                                413    0.08      51.40  0.00    0.00               0.00    0.00              
Notes                              62774  0.18      26.08  0.00    0.00               1.40    0.20              
systemstats                        96     0.29      15.33  0.00    0.00               0.20    0.00              
Google Chrome Helper (Renderer)    70249  0.07      29.75  0.00    0.00               0.40    0.00              
Code Helper (Plugin)               76971  0.04      60.37  0.40    0.00               0.80    0.00              
locationd                          134    0.15      59.10  0.00    0.00               0.60    0.00              
cpptools-srv                       82414  0.04      20.44  0.00    0.00               1.00    0.00              
Google Chrome Helper (Renderer)    70080  0.24      85.33  0.00    0.00               0.40    0.00              
trustd                             439    0.13      18.34  0.00    0.00               0.40    0.20              
Slack Helper                       1219   0.20      55.13  0.00    0.00               0.40    0.20              
Google Chrome Helper (Renderer)    70425  0.04      37.04  0.00    0.00               0.20    0.00              
Code Helper (Plugin)               81713  0.03      67.09  0.40    0.00               0.80    0.00              
Code Helper (Plugin)               87700  0.04      63.79  0.40    0.00               0.80    0.00              
Code Helper (Plugin)               76979  0.04      67.48  0.40    0.00               0.80    0.20              
Code Helper (Plugin)               81296  0.04      66.03  0.40    0.00               0.80    0.20              
WirelessRadioManagerd              320    0.14      45.20  0.00    0.00               0.20    0.00              
cpptools-srv                       82664  0.04      24.39  0.00    0.00               1.00    0.20              
runningboardd                      161    0.06      32.97  0.00    0.00               0.20    0.00              
cpptools-srv                       84046  0.05      20.78  0.00    0.00               1.00    0.00              
wifip2pd                           68917  0.09      58.45  0.00    0.00               0.60    0.20              
Google Chrome Helper (Renderer)    70396  0.14      67.29  0.00    0.00               0.20    0.00              
Google Chrome Helper (Renderer)    70616  0.12      71.50  0.00    0.00               0.20    0.00              
routined                           69103  0.13      37.31  0.00    0.00               0.60    0.20              
Code Helper (Plugin)               88421  0.04      67.20  0.40    0.00               0.80    0.20              
Slack Helper (GPU)                 1218   0.14      58.43  0.00    0.00               0.20    0.00              
nearbyd                            497    0.10      40.43  0.00    0.00               0.60    0.00              
Google Chrome Helper (Renderer)    66982  0.04      80.08  0.00    0.00               1.00    0.00              
gamecontrolleragentd               71512  0.02      39.08  0.00    0.00               0.20    0.00              
idleassetsd                        71462  0.07      19.54  0.00    0.00               0.40    0.20              
Google Chrome Helper (Renderer)    70085  0.11      75.55  0.00    0.00               0.40    0.20              
remindd                            71567  0.05      38.28  0.00    0.00               0.80    0.00              
appleh13camerad                    305    0.07      26.97  0.00    0.00               1.00    0.00              
Code Helper (Plugin)               24350  0.04      59.81  0.40    0.00               0.80    0.00              
nsurlsessiond                      201    0.03      21.75  0.00    0.00               0.20    0.00              
Google Chrome Helper               1615   0.02      67.84  0.00    0.00               0.20    0.00              
Code Helper (Plugin)               23899  0.11      73.05  0.00    0.00               0.20    0.00              
replayd                            486    0.07      36.54  0.00    0.00               0.80    0.00              
Slack Helper                       1224   0.04      67.29  0.00    0.00               0.20    0.00              
Google Chrome Helper (Renderer)    70150  0.09      44.89  0.00    0.00               0.40    0.00              
Code Helper (Plugin)               77001  0.02      62.92  0.20    0.00               0.40    0.20              
Google Chrome Helper (Renderer)    65958  0.11      53.97  0.00    0.00               0.40    0.00              
gamepolicyd                        314    0.03      33.66  0.00    0.00               0.20    0.00              
distnoted                          2013   0.02      22.28  0.00    0.00               0.00    0.00              
WallpaperVideoExtension            495    0.06      35.19  0.00    0.00               0.20    0.00              
distnoted                          402    0.02      26.31  0.00    0.00               0.00    0.00              
fontd                              450    0.01      22.89  0.00    0.00               0.40    0.00              
Google Chrome Helper               601    0.04      54.21  0.00    0.00               0.40    0.00              
mDNSResponderHelper                234    0.04      39.20  0.00    0.00               1.00    0.00              
Google Chrome Helper (Plugin)      1616   0.07      70.51  0.00    0.00               0.20    0.00              
com.apple.geod                     71492  0.02      21.67  0.00    0.00               0.20    0.20              
Google Chrome Helper (Renderer)    71863  0.01      19.83  0.00    0.00               0.20    0.00              
distnoted                          222    0.01      33.01  0.00    0.00               0.00    0.00              
distnoted                          218    0.01      31.93  0.00    0.00               0.00    0.00              
distnoted                          213    0.01      29.75  0.00    0.00               0.00    0.00              
distnoted                          2028   0.01      26.01  0.00    0.00               0.00    0.00              
distnoted                          328    0.01      32.73  0.00    0.00               0.00    0.00              
distnoted                          336    0.01      29.53  0.00    0.00               0.00    0.00              
distnoted                          5393   0.01      31.84  0.00    0.00               0.00    0.00              
distnoted                          1901   0.01      30.15  0.00    0.00               0.00    0.00              
distnoted                          3663   0.01      33.09  0.00    0.00               0.00    0.00              
assistantd                         84709  0.01      22.80  0.00    0.00               0.20    0.00              
distnoted                          346    0.01      33.70  0.00    0.00               0.00    0.00              
distnoted                          335    0.01      32.03  0.00    0.00               0.00    0.00              
distnoted                          271    0.01      32.97  0.00    0.00               0.00    0.00              
distnoted                          2304   0.01      32.33  0.00    0.00               0.00    0.00              
distnoted                          355    0.01      31.71  0.00    0.00               0.00    0.00              
gamecontrollerd                    71511  0.04      46.14  0.00    0.00               0.20    0.00              
com.apple.geod                     71491  0.02      20.55  0.00    0.00               0.20    0.20              
systemstatusd                      215    0.03      25.61  0.00    0.00               0.20    0.00              
uninstalld                         91     0.02      15.86  0.00    0.00               0.20    0.00              
chronod                            70465  0.01      28.68  0.00    0.00               0.20    0.00              
Slack Helper (Plugin)              1225   0.04      86.80  0.00    0.00               0.20    0.00              
contextstored                      180    0.03      23.54  0.00    0.00               0.40    0.00              
com.apple.audio.Core-Audio-Drive   71516  0.03      30.01  0.00    0.00               1.00    0.00              
appstoreagent                      71518  0.01      27.48  0.00    0.00               0.20    0.00              
com.apple.geod                     71490  0.01      31.46  0.00    0.00               0.20    0.20              
amsaccountsd                       71523  0.01      21.19  0.00    0.00               0.20    0.00              
homed                              95657  0.01      23.46  0.00    0.00               0.20    0.00              
amsengagementd                     71525  0.01      25.33  0.00    0.00               0.20    0.00              
Code Helper (Plugin)               87715  0.03      64.94  0.20    0.00               0.40    0.00              
WiFiAgent                          431    0.02      24.40  0.00    0.00               0.20    0.00              
Code Helper (Plugin)               24364  0.02      69.09  0.20    0.00               0.40    0.00              
configd                            99     0.02      15.33  0.00    0.00               0.20    0.00              
Code Helper (Plugin)               81107  0.03      69.86  0.20    0.00               0.40    0.00              
Google Chrome Helper (Renderer)    93836  0.01      33.49  0.00    0.00               0.20    0.00              
searchpartyd                       352    0.01      23.15  0.00    0.00               0.20    0.00              
calaccessd                         68890  0.01      26.95  0.00    0.00               0.20    0.00              
CommCenter                         71535  0.01      24.80  0.00    0.00               0.20    0.00              
searchpartyuseragent               1689   0.01      26.42  0.00    0.00               0.20    0.00              
syslogd                            123    0.02      18.01  0.00    0.00               0.20    0.20              
parsecd                            84101  0.01      26.05  0.00    0.00               0.20    0.00              
awdd                               478    0.01      22.43  0.00    0.00               0.20    0.00              
networkserviceproxy                68948  0.01      24.96  0.00    0.00               0.20    0.00              
Google Chrome Helper (Renderer)    70756  0.02      33.19  0.00    0.00               0.20    0.00              
Google Chrome Helper (Renderer)    70762  0.00      58.18  0.00    0.00               0.20    0.00              
Google Chrome Helper (Renderer)    68015  0.00      61.27  0.00    0.00               0.20    0.00              
Google Chrome Helper (Renderer)    70148  0.00      60.60  0.00    0.00               0.20    0.00              
Google Chrome Helper (Renderer)    70156  0.01      38.61  0.00    0.00               0.20    0.20              
Google Chrome Helper (Renderer)    65960  0.01      42.09  0.00    0.00               0.20    0.00              
Google Chrome Helper (Renderer)    98748  0.01      46.61  0.00    0.00               0.20    0.00              
Google Chrome Helper (Renderer)    68014  0.00      53.99  0.00    0.00               0.20    0.00              
Google Chrome Helper (Renderer)    63943  0.01      66.21  0.00    0.00               0.20    0.00              
Google Chrome Helper (Renderer)    70106  0.00      51.77  0.00    0.00               0.20    0.00              
Google Chrome Helper (Renderer)    71663  0.01      56.31  0.00    0.00               0.20    0.00              
ALL_TASKS                          -2     1570.80   69.55  642.65  7.58               3638.54 419.52            


**** Battery and backlight usage ****

Battery: percent_charge: 100


**** Network activity ****

out: 201.18 packets/s, 13751.04 bytes/s
in:  201.58 packets/s, 13960.79 bytes/s


**** Disk activity ****

read: 369.02 ops/s 5486.91 KBytes/s
write: 432.49 ops/s 21017.36 KBytes/s

****  Interrupt distribution ****

CPU 0:
	Total IRQ: 4357.22 interrupts/sec
	|-> IPI: 2731.65 interrupts/sec
	|-> TIMER: 489.17 interrupts/sec
CPU 1:
	Total IRQ: 3309.03 interrupts/sec
	|-> IPI: 2545.44 interrupts/sec
	|-> TIMER: 456.84 interrupts/sec
CPU 2:
	Total IRQ: 2685.14 interrupts/sec
	|-> IPI: 2163.64 interrupts/sec
	|-> TIMER: 348.47 interrupts/sec
CPU 3:
	Total IRQ: 2103.37 interrupts/sec
	|-> IPI: 1765.88 interrupts/sec
	|-> TIMER: 209.96 interrupts/sec
CPU 4:
	Total IRQ: 1960.67 interrupts/sec
	|-> IPI: 803.31 interrupts/sec
	|-> TIMER: 939.42 interrupts/sec
CPU 5:
	Total IRQ: 864.18 interrupts/sec
	|-> IPI: 748.62 interrupts/sec
	|-> TIMER: 78.43 interrupts/sec
CPU 6:
	Total IRQ: 733.06 interrupts/sec
	|-> IPI: 643.05 interrupts/sec
	|-> TIMER: 70.85 interrupts/sec
CPU 7:
	Total IRQ: 525.09 interrupts/sec
	|-> IPI: 450.65 interrupts/sec
	|-> TIMER: 53.89 interrupts/sec



**** Processor usage ****

E-Cluster HW active frequency: 1286 MHz
E-Cluster HW active residency:  58.54% (600 MHz:   0% 972 MHz:  66% 1332 MHz: 5.3% 1704 MHz: 4.9% 2064 MHz:  24%)
E-Cluster idle residency:  41.46%
CPU 0 frequency: 1327 MHz
CPU 0 active residency:  34.67% (600 MHz:   0% 972 MHz:  21% 1332 MHz: 2.0% 1704 MHz: 1.8% 2064 MHz: 9.4%)
CPU 0 idle residency:  65.33%
CPU 1 frequency: 1313 MHz
CPU 1 active residency:  31.43% (600 MHz:   0% 972 MHz:  20% 1332 MHz: 1.8% 1704 MHz: 1.7% 2064 MHz: 8.1%)
CPU 1 idle residency:  68.57%
CPU 2 frequency: 1316 MHz
CPU 2 active residency:  25.76% (600 MHz:   0% 972 MHz:  16% 1332 MHz: 1.6% 1704 MHz: 1.6% 2064 MHz: 6.6%)
CPU 2 idle residency:  74.24%
CPU 3 frequency: 1324 MHz
CPU 3 active residency:  21.98% (600 MHz:   0% 972 MHz:  13% 1332 MHz: 1.7% 1704 MHz: 1.6% 2064 MHz: 5.5%)
CPU 3 idle residency:  78.02%

P-Cluster HW active frequency: 1528 MHz
P-Cluster HW active residency:  37.55% (600 MHz:  58% 828 MHz: 1.8% 1056 MHz: .98% 1284 MHz: .54% 1500 MHz: .38% 1728 MHz: .84% 1956 MHz: .55% 2184 MHz: .89% 2388 MHz: .83% 2592 MHz: .51% 2772 MHz: .50% 2988 MHz:  17% 3096 MHz: 5.6% 3144 MHz: .03% 3204 MHz:  12%)
P-Cluster idle residency:  62.45%
CPU 4 frequency: 2960 MHz
CPU 4 active residency:  27.56% (600 MHz: 1.6% 828 MHz: .31% 1056 MHz: .32% 1284 MHz: .06% 1500 MHz: .02% 1728 MHz: .07% 1956 MHz: .11% 2184 MHz: .17% 2388 MHz: .21% 2592 MHz: .18% 2772 MHz: .28% 2988 MHz: .55% 3096 MHz: .24% 3144 MHz: .36% 3204 MHz:  23%)
CPU 4 idle residency:  72.44%
CPU 5 frequency: 3133 MHz
CPU 5 active residency:  22.79% (600 MHz: .02% 828 MHz: .11% 1056 MHz: .11% 1284 MHz: .04% 1500 MHz: .01% 1728 MHz: .16% 1956 MHz: .07% 2184 MHz: .10% 2388 MHz: .20% 2592 MHz: .20% 2772 MHz: .24% 2988 MHz: .52% 3096 MHz: .21% 3144 MHz: .33% 3204 MHz:  20%)
CPU 5 idle residency:  77.21%
CPU 6 frequency: 3145 MHz
CPU 6 active residency:  20.60% (600 MHz: .01% 828 MHz: .11% 1056 MHz: .11% 1284 MHz: .03% 1500 MHz: .01% 1728 MHz: .04% 1956 MHz: .02% 2184 MHz: .12% 2388 MHz: .18% 2592 MHz: .14% 2772 MHz: .12% 2988 MHz: .43% 3096 MHz: .18% 3144 MHz: .29% 3204 MHz:  19%)
CPU 6 idle residency:  79.40%
CPU 7 frequency: 3168 MHz
CPU 7 active residency:  13.56% (600 MHz: .01% 828 MHz: .02% 1056 MHz: .03% 1284 MHz: .01% 1500 MHz: .00% 1728 MHz: .01% 1956 MHz: .01% 2184 MHz: .02% 2388 MHz: .07% 2592 MHz: .10% 2772 MHz: .21% 2988 MHz: .22% 3096 MHz: .21% 3144 MHz: .21% 3204 MHz:  12%)
CPU 7 idle residency:  86.44%

CPU Power: 2411 mW
GPU Power: 26 mW
ANE Power: 0 mW
Combined Power (CPU + GPU + ANE): 2436 mW

**** GPU usage ****

GPU HW active frequency: 709 MHz
GPU HW active residency:  26.98% (396 MHz: .96% 528 MHz:   0% 720 MHz:  26% 924 MHz:   0% 1128 MHz:   0% 1278 MHz:   0%)
GPU SW requested state: (P1 :   0% P2 :   0% P3 : 100% P4 :   0% P5 :   0% P6 :   0%)
GPU SW state: (SW_P1 :   0% SW_P2 :   0% SW_P3 :   0% SW_P4 :   0% SW_P5 :   0% SW_P6 :   0%)
GPU idle residency:  73.02%
GPU Power: 26 mW

Second underflow occured.


*** Sampled system activity (Tue Feb 25 20:40:17 2025 +0100) (5026.35ms elapsed) ***

*** Running tasks ***

Name                               ID     CPU ms/s  User%  Deadlines (<2 ms, 2-5 ms)  Wakeups (Intr, Pkg idle)
DEAD_TASKS                         -1     69.16     62.67  0.00    0.00               0.60    0.00              
Code Helper (Renderer)             87571  166.29    89.53  12.14   3.18               19.50   1.19              
WindowServer                       155    377.80    64.20  108.66  0.00               473.45  17.31             
Code Helper (GPU)                  64886  192.50    75.32  0.00    0.00               122.39  13.73             
Electron                           64882  26.65     92.16  0.60    0.00               1.99    0.00              
kernel_task                        0      159.45    0.00   255.53  4.98               1539.15 442.60            
airportd                           167    57.33     86.24  0.00    0.00               1.19    0.00              
Code Helper (Plugin)               87639  5.92      79.21  6.57    0.00               8.76    0.40              
mdworker_shared                    71894  42.24     74.30  0.00    0.00               0.00    0.00              
idea                               63326  57.54     59.45  5.57    1.00               84.78   7.36              
powermetrics                       71866  4.17      13.11  0.00    0.00               0.20    0.00              
WiFiAgent                          431    23.27     92.70  0.00    0.00               0.20    0.00              
Google Chrome                      454    7.74      60.15  0.00    0.00               2.79    0.00              
Google Chrome Helper (Renderer)    71590  25.33     54.37  0.00    0.00               191.25  0.40              
Code Helper                        65260  5.79      30.43  13.53   0.20               18.91   1.39              
Code Helper                        87638  0.75      48.52  3.18    0.00               3.78    0.80              
locationd                          134    6.36      91.72  0.00    0.00               1.19    0.00              
Google Chrome Helper (Renderer)    71604  3.62      57.06  0.00    0.00               2.99    0.40              
logd                               87     3.76      40.24  0.00    0.00               0.40    0.00              
java                               71867  4.22      80.73  0.20    0.00               43.58   3.98              
launchd                            1      2.22      36.14  0.00    0.00               0.00    0.00              
java                               63736  4.00      42.88  0.00    0.20               29.06   2.99              
Google Chrome Helper               594    2.27      47.57  0.00    0.00               0.40    0.20              
trustd                             205    2.77      80.13  0.00    0.00               0.40    0.20              
opendirectoryd                     127    2.15      47.40  0.00    0.00               0.00    0.00              
corebrightnessd                    152    1.85      59.50  0.00    0.00               0.00    0.00              
ControlCenter                      463    2.03      87.27  0.00    0.00               0.20    0.00              
cfprefsd                           401    1.18      64.04  0.00    0.00               0.20    0.00              
fseventsd                          92     1.97      35.88  0.20    0.00               2.59    0.40              
Code Helper (Plugin)               80487  1.06      71.81  2.79    0.00               4.58    0.60              
java                               24680  1.13      36.79  0.00    0.00               28.66   4.58              
mds                                116    1.33      49.25  0.00    0.00               1.99    0.00              
notifyd                            150    0.54      45.93  0.00    0.00               0.00    0.00              
Slack Helper (Renderer)            1220   1.76      89.96  0.40    0.00               1.59    0.20              
mds_stores                         327    0.73      61.28  0.20    0.00               0.20    0.00              
cfprefsd                           156    0.76      63.69  0.00    0.00               0.20    0.00              
com.apple.AmbientDisplayAgent      5683   1.23      70.78  0.00    0.00               0.00    0.00              
Google Chrome Helper (Renderer)    70335  1.87      84.71  0.20    0.00               22.89   3.98              
audioclocksyncd                    323    1.47      54.11  0.00    0.00               0.00    0.00              
Google Chrome Helper (Renderer)    66982  1.01      65.73  0.00    0.00               0.60    0.00              
distnoted                          398    0.40      70.08  0.00    0.00               0.00    0.00              
TouchBarServer                     235    0.67      58.99  0.00    0.00               0.00    0.00              
Slack                              1214   0.94      63.38  0.40    0.00               1.99    0.00              
AXVisualSupportAgent               427    0.89      67.62  0.00    0.00               9.95    0.00              
java                               63741  1.07      44.14  0.00    0.00               28.86   3.38              
Code Helper (Plugin)               76507  0.37      82.16  0.00    0.00               0.40    0.00              
Google Chrome Helper (Renderer)    71863  0.25      67.44  0.00    0.00               0.60    0.00              
PerfPowerServices                  62337  0.62      64.44  0.00    0.00               0.00    0.00              
thermalmonitord                    126    0.74      29.60  0.00    0.00               1.00    0.00              
NotificationCenter                 452    0.21      35.17  0.00    0.00               0.20    0.00              
distnoted                          140    0.28      48.88  0.00    0.00               0.20    0.00              
node                               65272  0.69      81.93  1.00    0.00               1.99    0.20              
coreaudiod                         190    0.60      61.88  0.00    0.00               0.00    0.00              
Simulator                          41615  0.46      73.85  0.00    0.00               0.20    0.00              
systemstatusd                      215    0.49      73.62  0.00    0.00               0.00    0.00              
configd                            99     0.40      28.09  0.00    0.00               0.00    0.00              
cpptools                           80916  0.18      47.36  0.00    0.00               2.79    0.60              
powerd                             101    0.42      47.21  0.00    0.00               0.00    0.00              
backupd                            98652  0.29      32.60  0.00    0.00               0.20    0.00              
Finder                             466    0.32      45.48  0.00    0.00               0.20    0.00              
diskarbitrationd                   119    0.12      68.34  0.00    0.00               0.00    0.00              
Slack Helper (GPU)                 1218   0.54      65.46  0.00    0.00               0.40    0.00              
Code Helper                        76508  0.37      48.68  0.80    0.00               1.39    0.40              
Code Helper                        80486  0.38      56.00  0.80    0.00               1.59    0.00              
cpptools                           90624  0.15      54.92  0.00    0.00               2.79    0.20              
Google Chrome Helper               601    0.23      59.62  0.00    0.00               0.40    0.00              
lsd                                413    0.31      38.43  0.00    0.00               0.20    0.00              
fileproviderd                      441    0.37      48.10  0.00    0.00               2.99    0.00              
com.apple.appkit.xpc.openAndSave   93117  0.18      53.10  0.00    0.00               0.00    0.00              
Code Helper                        23900  0.33      58.48  0.80    0.00               1.39    0.20              
Google Chrome Helper (Renderer)    2201   0.14      80.64  0.00    0.00               0.20    0.00              
Google Chrome Helper (Renderer)    70093  0.27      69.56  0.00    0.00               0.20    0.00              
Slack Helper                       1224   0.13      73.92  0.00    0.00               0.60    0.00              
Google Chrome Helper (Renderer)    71651  0.37      72.35  0.00    0.00               1.19    0.00              
symptomsd                          236    0.22      53.28  0.00    0.00               0.00    0.00              
Code Helper                        64887  0.33      85.41  0.00    0.00               0.40    0.00              
WallpaperVideoExtension            495    0.17      27.78  0.00    0.00               0.60    0.00              
fsnotifier                         63636  0.14      31.19  0.00    0.00               0.00    0.00              
AMPLibraryAgent                    71677  0.24      49.17  0.00    0.00               10.75   1.59              
sharingd                           505    0.13      69.79  0.00    0.00               0.60    0.00              
python3.13                         71792  0.24      65.61  0.00    0.00               2.99    0.40              
coreservicesd                      160    0.22      43.89  0.00    0.00               0.00    0.00              
Google Chrome Helper (Renderer)    60112  0.24      85.00  0.00    0.00               2.79    0.20              
Google Chrome Helper (GPU)         593    0.17      65.17  0.00    0.00               0.20    0.00              
Google Chrome Helper (Renderer)    70396  0.25      68.32  0.00    0.00               0.60    0.00              
Google Chrome Helper (Renderer)    70401  0.15      92.04  0.00    0.00               0.40    0.20              
wifip2pd                           68917  0.08      57.51  0.00    0.00               0.40    0.00              
nsurlsessiond                      420    0.16      23.53  0.00    0.00               0.60    0.00              
amfid                              71706  0.05      31.32  0.00    0.00               0.40    0.00              
systemstats                        96     0.14      22.95  0.00    0.00               0.00    0.00              
Notes                              62774  0.09      40.37  0.00    0.00               1.00    0.00              
Code Helper (Plugin)               90335  0.04      64.72  0.40    0.00               0.80    0.00              
bluetoothd                         44477  0.14      52.00  0.00    0.00               0.40    0.00              
Code Helper (Plugin)               24364  0.05      62.55  0.40    0.00               0.80    0.00              
Code Helper (Plugin)               87715  0.04      61.60  0.40    0.00               0.80    0.00              
Code Helper (Plugin)               81107  0.04      62.58  0.40    0.00               0.80    0.00              
syspolicyd                         313    0.03      37.20  0.00    0.00               0.20    0.00              
watchdogd                          112    0.08      29.93  0.00    0.00               0.20    0.00              
Google Chrome Helper               1615   0.11      66.60  0.00    0.00               0.60    0.00              
distnoted                          222    0.04      24.29  0.00    0.00               0.20    0.00              
distnoted                          218    0.04      25.24  0.00    0.00               0.20    0.00              
apsd                               128    0.07      25.95  0.00    0.00               0.40    0.00              
trustd                             439    0.09      19.46  0.00    0.00               0.20    0.00              
distnoted                          213    0.04      26.14  0.00    0.00               0.20    0.00              
distnoted                          402    0.04      24.51  0.00    0.00               0.20    0.00              
cpptools-srv                       82664  0.06      19.60  0.00    0.00               1.00    0.00              
Google Chrome Helper (Plugin)      1616   0.08      62.05  0.00    0.00               0.40    0.00              
nearbyd                            497    0.08      43.02  0.00    0.00               0.40    0.00              
Code Helper (Plugin)               87700  0.05      59.43  0.40    0.00               0.80    0.00              
cpptools-srv                       84046  0.06      20.90  0.00    0.00               1.00    0.00              
appleh13camerad                    305    0.08      27.96  0.00    0.00               1.00    0.00              
Code Helper (Plugin)               23899  0.12      76.02  0.00    0.00               0.20    0.00              
replayd                            486    0.07      37.32  0.00    0.00               0.80    0.00              
distnoted                          271    0.04      25.29  0.00    0.00               0.20    0.00              
distnoted                          2304   0.04      23.29  0.00    0.00               0.20    0.00              
distnoted                          328    0.03      26.15  0.00    0.00               0.20    0.00              
distnoted                          1901   0.03      27.23  0.00    0.00               0.20    0.00              
distnoted                          335    0.03      26.54  0.00    0.00               0.20    0.00              
Google Chrome Helper (Renderer)    70253  0.09      39.69  0.00    0.00               0.40    0.00              
uninstalld                         91     0.08      26.40  0.00    0.00               0.20    0.00              
distnoted                          5393   0.03      24.76  0.00    0.00               0.20    0.00              
distnoted                          3663   0.03      27.65  0.00    0.00               0.20    0.00              
distnoted                          2013   0.03      24.04  0.00    0.00               0.20    0.00              
parsecd                            84101  0.04      39.67  0.00    0.00               0.60    0.00              
distnoted                          355    0.03      27.14  0.00    0.00               0.20    0.00              
distnoted                          346    0.03      28.04  0.00    0.00               0.20    0.00              
nsurlsessiond                      201    0.04      23.92  0.00    0.00               0.40    0.00              
Google Chrome Helper (Renderer)    65960  0.10      49.14  0.00    0.00               0.20    0.00              
distnoted                          336    0.03      26.41  0.00    0.00               0.20    0.00              
cpptools-srv                       82414  0.08      19.22  0.00    0.00               1.00    0.20              
distnoted                          2028   0.03      25.81  0.00    0.00               0.20    0.00              
launchservicesd                    129    0.02      36.93  0.00    0.00               0.20    0.00              
Slack Helper                       1219   0.06      75.78  0.00    0.00               0.20    0.00              
Code Helper                        65258  0.11      92.07  0.00    0.00               0.20    0.00              
akd                                78106  0.04      32.95  0.00    0.00               0.40    0.00              
mDNSResponder                      203    0.06      36.35  0.20    0.00               0.60    0.00              
remindd                            71567  0.05      31.76  0.00    0.00               0.60    0.00              
Google Chrome Helper (Renderer)    98748  0.05      44.92  0.00    0.00               0.20    0.00              
Code Helper (Plugin)               76979  0.07      62.39  0.40    0.00               0.80    0.00              
searchpartyuseragent               1689   0.04      21.30  0.00    0.00               0.40    0.00              
gamecontrolleragentd               71512  0.04      39.45  0.00    0.00               0.20    0.00              
gamecontrollerd                    71511  0.04      44.52  0.00    0.00               0.20    0.00              
PasswordBreachAgent                2377   0.03      24.78  0.00    0.00               0.20    0.00              
cloudd                             16687  0.05      12.69  0.00    0.00               0.20    0.00              
Code Helper (Plugin)               77001  0.06      60.30  0.40    0.00               0.80    0.20              
mDNSResponderHelper                234    0.04      38.98  0.00    0.00               1.00    0.00              
amsengagementd                     71525  0.02      20.71  0.00    0.00               0.20    0.00              
Code Helper (Plugin)               76971  0.06      63.50  0.40    0.00               0.80    0.00              
com.apple.audio.Core-Audio-Drive   71516  0.04      29.44  0.00    0.00               1.00    0.40              
Code Helper (Plugin)               88421  0.06      62.90  0.40    0.00               0.80    0.00              
com.apple.iCloudHelper             71570  0.05      26.33  0.00    0.00               0.20    0.00              
networkserviceproxy                68948  0.04      24.49  0.00    0.00               0.40    0.00              
Code Helper (Plugin)               81713  0.07      65.71  0.40    0.00               0.80    0.20              
Slack Helper (Plugin)              1225   0.04      87.12  0.00    0.00               0.20    0.00              
chrome_crashpad_handler            64885  0.03      27.05  0.00    0.00               0.20    0.00              
amsaccountsd                       71523  0.02      22.53  0.00    0.00               0.20    0.00              
countryd                           71592  0.03      24.78  0.00    0.00               0.20    0.00              
eligibilityd                       386    0.03      19.64  0.00    0.00               0.20    0.00              
familycircled                      512    0.02      32.13  0.00    0.00               0.20    0.00              
appstoreagent                      71518  0.03      23.90  0.00    0.00               0.20    0.00              
chronod                            70465  0.02      18.67  0.00    0.00               0.20    0.00              
commerce                           592    0.02      29.53  0.00    0.00               0.20    0.00              
calaccessd                         68890  0.01      33.83  0.00    0.00               0.20    0.00              
dasd                               137    0.03      16.94  0.00    0.00               0.20    0.00              
identityservicesd                  449    0.02      24.95  0.00    0.00               0.20    0.00              
mdworker_shared                    71886  0.02      14.31  0.00    0.00               0.20    0.00              
Spotlight                          565    0.02      24.34  0.00    0.00               0.20    0.00              
Microsoft SharePoint               22408  0.02      27.17  0.00    0.00               0.20    0.00              
assistantd                         84709  0.02      17.50  0.00    0.00               0.20    0.00              
WirelessRadioManagerd              320    0.02      21.39  0.00    0.00               0.20    0.00              
Code Helper (Plugin)               81296  0.03      62.25  0.20    0.00               0.40    0.20              
routined                           69103  0.02      18.48  0.00    0.00               0.20    0.00              
Code Helper (Plugin)               24350  0.03      55.74  0.20    0.00               0.40    0.00              
CommCenter                         71535  0.02      26.25  0.00    0.00               0.20    0.00              
Google Chrome Helper (Renderer)    7939   0.01      35.89  0.00    0.00               0.20    0.00              
Google Chrome Helper (Renderer)    71856  0.02      68.27  0.00    0.00               0.40    0.00              
contextstored                      180    0.01      23.74  0.00    0.00               0.20    0.00              
searchpartyd                       352    0.01      25.56  0.00    0.00               0.20    0.00              
awdd                               478    0.01      25.03  0.00    0.00               0.20    0.00              
homed                              95657  0.01      22.53  0.00    0.00               0.20    0.00              
containermanagerd_system           70004  0.01      24.51  0.00    0.00               0.20    0.00              
Google Chrome Helper (Renderer)    70254  0.01      35.20  0.00    0.00               0.20    0.00              
Google Chrome Helper (Renderer)    70252  0.01      34.05  0.00    0.00               0.20    0.00              
Google Chrome Helper (Renderer)    68236  0.01      55.53  0.00    0.00               0.20    0.00              
Google Chrome Helper (Renderer)    70182  0.01      60.59  0.00    0.00               0.20    0.00              
Google Chrome Helper (Renderer)    70616  0.01      52.85  0.00    0.00               0.20    0.00              
Google Chrome Helper (Renderer)    67019  0.01      57.62  0.00    0.00               0.20    0.00              
Google Chrome Helper (Renderer)    70425  0.01      67.33  0.00    0.00               0.20    0.00              
ALL_TASKS                          -2     1271.42   62.43  418.00  9.55               2728.03 511.11            


**** Battery and backlight usage ****

Battery: percent_charge: 100


**** Network activity ****

out: 101.47 packets/s, 7488.94 bytes/s
in:  101.27 packets/s, 6959.13 bytes/s


**** Disk activity ****

read: 26.86 ops/s 361.82 KBytes/s
write: 37.20 ops/s 248.55 KBytes/s

****  Interrupt distribution ****

CPU 0:
	Total IRQ: 3456.19 interrupts/sec
	|-> IPI: 2396.17 interrupts/sec
	|-> TIMER: 418.40 interrupts/sec
CPU 1:
	Total IRQ: 2962.79 interrupts/sec
	|-> IPI: 2265.86 interrupts/sec
	|-> TIMER: 389.35 interrupts/sec
CPU 2:
	Total IRQ: 2572.25 interrupts/sec
	|-> IPI: 2044.63 interrupts/sec
	|-> TIMER: 319.12 interrupts/sec
CPU 3:
	Total IRQ: 2175.93 interrupts/sec
	|-> IPI: 1811.85 interrupts/sec
	|-> TIMER: 224.42 interrupts/sec
CPU 4:
	Total IRQ: 1188.74 interrupts/sec
	|-> IPI: 131.11 interrupts/sec
	|-> TIMER: 1028.38 interrupts/sec
CPU 5:
	Total IRQ: 146.43 interrupts/sec
	|-> IPI: 94.10 interrupts/sec
	|-> TIMER: 47.75 interrupts/sec
CPU 6:
	Total IRQ: 164.73 interrupts/sec
	|-> IPI: 137.48 interrupts/sec
	|-> TIMER: 24.47 interrupts/sec
CPU 7:
	Total IRQ: 102.66 interrupts/sec
	|-> IPI: 79.38 interrupts/sec
	|-> TIMER: 17.91 interrupts/sec



**** Processor usage ****

E-Cluster HW active frequency: 1140 MHz
E-Cluster HW active residency:  66.07% (600 MHz:   0% 972 MHz:  79% 1332 MHz: 6.5% 1704 MHz: 4.2% 2064 MHz:  10%)
E-Cluster idle residency:  33.93%
CPU 0 frequency: 1115 MHz
CPU 0 active residency:  37.84% (600 MHz:   0% 972 MHz:  31% 1332 MHz: 2.6% 1704 MHz: 1.6% 2064 MHz: 3.0%)
CPU 0 idle residency:  62.16%
CPU 1 frequency: 1105 MHz
CPU 1 active residency:  33.61% (600 MHz:   0% 972 MHz:  28% 1332 MHz: 2.3% 1704 MHz: 1.2% 2064 MHz: 2.5%)
CPU 1 idle residency:  66.39%
CPU 2 frequency: 1105 MHz
CPU 2 active residency:  29.91% (600 MHz:   0% 972 MHz:  24% 1332 MHz: 2.3% 1704 MHz: 1.4% 2064 MHz: 2.0%)
CPU 2 idle residency:  70.09%
CPU 3 frequency: 1102 MHz
CPU 3 active residency:  25.91% (600 MHz:   0% 972 MHz:  21% 1332 MHz: 1.8% 1704 MHz: 1.2% 2064 MHz: 1.7%)
CPU 3 idle residency:  74.09%

P-Cluster HW active frequency: 738 MHz
P-Cluster HW active residency:   8.21% (600 MHz:  84% 828 MHz: 3.5% 1056 MHz: 3.0% 1284 MHz: 1.4% 1500 MHz: 1.7% 1728 MHz: 1.9% 1956 MHz: 1.8% 2184 MHz: 1.2% 2388 MHz: .52% 2592 MHz: .24% 2772 MHz: .35% 2988 MHz: .24% 3096 MHz:   0% 3144 MHz:   0% 3204 MHz:   0%)
P-Cluster idle residency:  91.79%
CPU 4 frequency: 1170 MHz
CPU 4 active residency:   5.92% (600 MHz: 2.3% 828 MHz: .60% 1056 MHz: .80% 1284 MHz: .34% 1500 MHz: .53% 1728 MHz: .30% 1956 MHz: .39% 2184 MHz: .29% 2388 MHz: .16% 2592 MHz: .01% 2772 MHz: .08% 2988 MHz: .15% 3096 MHz:   0% 3144 MHz:   0% 3204 MHz:   0%)
CPU 4 idle residency:  94.08%
CPU 5 frequency: 1459 MHz
CPU 5 active residency:   2.36% (600 MHz: .06% 828 MHz: .28% 1056 MHz: .53% 1284 MHz: .46% 1500 MHz: .25% 1728 MHz: .24% 1956 MHz: .23% 2184 MHz: .12% 2388 MHz: .07% 2592 MHz: .00% 2772 MHz: .02% 2988 MHz: .09% 3096 MHz:   0% 3144 MHz:   0% 3204 MHz:   0%)
CPU 5 idle residency:  97.64%
CPU 6 frequency: 1561 MHz
CPU 6 active residency:   1.43% (600 MHz: .02% 828 MHz: .24% 1056 MHz: .29% 1284 MHz: .16% 1500 MHz: .14% 1728 MHz: .22% 1956 MHz: .04% 2184 MHz: .08% 2388 MHz: .02% 2592 MHz: .00% 2772 MHz: .17% 2988 MHz: .05% 3096 MHz:   0% 3144 MHz:   0% 3204 MHz:   0%)
CPU 6 idle residency:  98.57%
CPU 7 frequency: 1750 MHz
CPU 7 active residency:   1.47% (600 MHz: .01% 828 MHz: .10% 1056 MHz: .17% 1284 MHz: .06% 1500 MHz: .25% 1728 MHz: .24% 1956 MHz: .23% 2184 MHz: .17% 2388 MHz: .07% 2592 MHz: .12% 2772 MHz: .02% 2988 MHz: .03% 3096 MHz:   0% 3144 MHz:   0% 3204 MHz:   0%)
CPU 7 idle residency:  98.53%

CPU Power: 184 mW
GPU Power: 25 mW
ANE Power: 0 mW
Combined Power (CPU + GPU + ANE): 209 mW

**** GPU usage ****

GPU HW active frequency: 707 MHz
GPU HW active residency:  26.98% (396 MHz: 1.0% 528 MHz:   0% 720 MHz:  26% 924 MHz:   0% 1128 MHz:   0% 1278 MHz:   0%)
GPU SW requested state: (P1 :   0% P2 :   0% P3 : 100% P4 :   0% P5 :   0% P6 :   0%)
GPU SW state: (SW_P1 :   0% SW_P2 :   0% SW_P3 :   0% SW_P4 :   0% SW_P5 :   0% SW_P6 :   0%)
GPU idle residency:  73.02%
GPU Power: 25 mW

