Machine model: MacBookPro17,1
OS version: 23G93
Boot arguments: 
Boot time: Mon Feb 10 09:18:58 2025

Second underflow occured.


*** Sampled system activity (Tue Feb 25 20:39:51 2025 +0100) (5010.69ms elapsed) ***

*** Running tasks ***

Name                               ID     CPU ms/s  User%  Deadlines (<2 ms, 2-5 ms)  Wakeups (Intr, Pkg idle)
DEAD_TASKS                         -1     70.90     64.50  0.00    0.00               0.40    0.00              
Code Helper (Renderer)             87571  155.86    89.38  9.37    4.39               19.34   1.20              
WindowServer                       155    371.11    64.32  109.08  0.00               475.81  30.71             
Code Helper (GPU)                  64886  184.78    75.28  0.00    0.00               122.64  8.77              
Electron                           64882  32.97     90.78  1.20    0.00               3.19    0.00              
kernel_task                        0      176.84    0.00   309.70  4.79               1683.29 472.22            
Code Helper (Plugin)               87639  10.99     78.54  9.17    0.00               12.56   0.20              
powermetrics                       71845  3.55      7.78   0.00    0.00               0.20    0.00              
mdworker_shared                    71850  28.01     72.81  0.00    0.00               0.26    0.00              
launchd                            1      63.90     0.83   0.00    0.00               0.20    0.00              
idea                               63326  35.29     57.81  5.38    1.40               84.95   5.38              
Google Chrome                      454    10.02     76.87  0.00    0.00               3.39    0.20              
Google Chrome Helper (Renderer)    71590  24.39     54.66  0.00    0.00               190.84  9.97              
Code Helper                        87638  0.84      50.93  3.59    0.00               4.19    1.60              
Slack Helper (Renderer)            1220   4.80      72.83  0.40    0.00               1.79    0.00              
Code Helper                        65260  5.64      31.15  13.76   0.00               19.34   0.80              
mds_stores                         327    2.44      67.11  0.00    0.00               0.20    0.00              
mds                                116    2.80      46.46  0.00    0.00               1.60    0.20              
mdworker_shared                    71777  2.76      70.63  0.00    0.00               0.00    0.00              
mdworker_shared                    71778  2.78      71.30  0.00    0.00               0.00    0.00              
Code Helper (Renderer)             23842  1.36      33.69  0.00    0.00               0.20    0.00              
opendirectoryd                     127    1.90      37.91  0.00    0.00               0.20    0.00              
logd                               87     3.20      38.35  0.00    0.00               0.20    0.00              
Google Chrome Helper               594    3.73      48.74  0.00    0.00               1.79    0.00              
java                               63736  3.32      45.12  0.00    0.00               28.72   1.79              
Google Chrome Helper (Renderer)    70401  1.15      70.63  0.00    0.00               0.60    0.00              
cfprefsd                           401    1.01      65.25  0.00    0.00               0.00    0.00              
corebrightnessd                    152    2.11      60.50  0.00    0.00               0.00    0.00              
airportd                           167    1.21      56.90  0.00    0.00               1.40    0.00              
bluetoothd                         44477  1.69      73.25  0.00    0.00               0.20    0.00              
Google Chrome Helper (Renderer)    65958  1.28      41.29  0.00    0.00               0.80    0.00              
Google Chrome Helper (Renderer)    71651  1.74      79.55  0.00    0.00               1.00    0.00              
Google Chrome Helper (Renderer)    70335  1.73      81.87  0.00    0.20               23.33   1.00              
fseventsd                          92     1.61      38.01  0.20    0.20               2.79    0.60              
Code Helper (Plugin)               80487  0.99      67.75  3.19    0.00               4.99    0.20              
notifyd                            150    0.51      44.41  0.00    0.00               0.00    0.00              
com.apple.AmbientDisplayAgent      5683   1.22      70.38  0.00    0.00               0.00    0.00              
Code Helper                        64887  0.56      62.22  0.00    0.00               0.40    0.00              
Google Chrome Helper (Renderer)    71604  1.01      84.30  0.00    0.00               2.79    0.20              
AXVisualSupportAgent               427    1.16      66.51  0.00    0.00               9.97    0.00              
audioclocksyncd                    323    1.51      55.11  0.00    0.00               0.00    0.00              
ControlCenter                      463    1.53      64.77  0.00    0.00               0.40    0.00              
cfprefsd                           156    0.63      68.62  0.00    0.00               0.00    0.00              
TouchBarServer                     235    0.75      54.53  0.00    0.00               0.00    0.00              
Slack                              1214   1.11      45.49  0.40    0.00               1.99    0.20              
java                               24680  0.90      42.97  0.00    0.20               28.12   2.39              
thermalmonitord                    126    1.09      32.30  0.00    0.00               1.20    0.00              
Finder                             466    0.61      70.64  0.00    0.00               0.00    0.00              
Google Chrome Helper (Renderer)    70093  0.59      67.14  0.00    0.00               0.40    0.20              
Google Chrome Helper (Renderer)    2201   0.68      72.64  0.20    0.00               0.60    0.00              
java                               63741  1.03      45.29  0.00    0.20               28.72   2.79              
Google Chrome Helper (Renderer)    66982  0.53      79.25  0.00    0.00               1.60    0.00              
distnoted                          398    0.50      77.90  0.00    0.00               0.00    0.00              
Code Helper (Plugin)               90335  0.10      63.13  0.40    0.00               0.60    0.00              
Code Helper                        23900  0.32      43.27  0.80    0.00               1.40    0.00              
Simulator                          41615  0.52      70.52  0.00    0.00               0.20    0.00              
locationd                          134    0.36      67.54  0.00    0.00               0.60    0.00              
mdworker_shared                    71776  0.13      45.88  0.00    0.00               0.00    0.00              
sharingd                           505    0.55      69.16  0.00    0.00               1.00    0.00              
cpptools                           80916  0.18      42.84  0.00    0.00               2.79    0.20              
Code Helper                        65258  0.24      71.80  1.00    0.00               1.40    0.00              
Code Helper (Plugin)               23899  0.23      72.97  0.00    0.00               0.60    0.20              
nearbyd                            497    0.41      62.17  0.00    0.00               0.60    0.00              
PerfPowerServices                  62337  0.53      50.75  0.00    0.00               0.00    0.00              
Google Chrome Helper (GPU)         593    0.50      87.03  0.00    0.00               0.20    0.00              
powerd                             101    0.33      43.99  0.00    0.00               0.00    0.00              
coreaudiod                         190    0.71      62.10  0.00    0.00               0.00    0.00              
symptomsd                          236    0.53      75.04  0.00    0.00               0.20    0.00              
cpptools                           90624  0.20      41.35  0.00    0.00               2.79    0.00              
Code Helper                        76508  0.33      49.57  0.80    0.00               1.40    0.20              
distnoted                          140    0.33      53.71  0.00    0.00               0.00    0.00              
node                               65272  0.47      72.79  1.00    0.00               1.99    0.00              
lsd                                413    0.33      31.77  0.00    0.00               0.00    0.00              
fileproviderd                      441    0.39      50.08  0.00    0.00               2.99    0.20              
Code Helper                        80486  0.22      55.66  0.80    0.00               1.40    0.00              
diskarbitrationd                   119    0.11      59.76  0.00    0.00               0.00    0.00              
Google Chrome Helper (Renderer)    70396  0.17      73.21  0.00    0.00               0.20    0.00              
Google Chrome Helper (Renderer)    70080  0.23      83.17  0.00    0.00               0.20    0.00              
Google Chrome Helper (Renderer)    60112  0.24      83.47  0.00    0.00               2.99    0.00              
AMPLibraryAgent                    71677  0.29      48.78  0.00    0.00               10.57   0.40              
Code Helper (Plugin)               76507  0.29      79.46  0.00    0.00               0.20    0.00              
Code Helper (Plugin)               76979  0.07      49.60  0.60    0.00               1.20    0.00              
WallpaperVideoExtension            495    0.17      23.09  0.00    0.00               0.60    0.00              
coreservicesd                      160    0.18      37.19  0.00    0.00               0.00    0.00              
Google Chrome Helper               601    0.15      54.58  0.00    0.00               0.60    0.20              
Google Chrome Helper               1615   0.22      54.69  0.00    0.00               0.40    0.00              
nsurlsessiond                      420    0.07      21.66  0.00    0.00               0.40    0.00              
com.apple.appkit.xpc.openAndSave   93117  0.18      63.89  0.00    0.00               0.00    0.00              
Google Chrome Helper (Renderer)    70085  0.09      76.09  0.00    0.00               0.40    0.00              
Slack Helper                       1219   0.21      63.34  0.00    0.00               0.20    0.00              
Google Chrome Helper (Renderer)    70616  0.15      79.63  0.00    0.00               0.40    0.00              
Code Helper (Plugin)               76971  0.03      65.30  0.40    0.00               0.80    0.00              
systemstats                        96     0.10      19.95  0.00    0.00               0.00    0.00              
wifip2pd                           68917  0.10      54.06  0.00    0.00               0.60    0.00              
Notes                              62774  0.12      38.42  0.00    0.00               1.00    0.00              
Slack Helper (GPU)                 1218   0.16      61.06  0.00    0.00               0.20    0.00              
amsaccountsd                       71523  0.09      36.72  0.00    0.00               0.40    0.00              
Code Helper (Plugin)               88421  0.03      64.74  0.40    0.00               0.80    0.00              
amsengagementd                     71525  0.11      21.90  0.00    0.00               0.40    0.00              
Google Chrome Helper (Plugin)      1616   0.15      69.58  0.00    0.00               0.40    0.00              
appleh13camerad                    305    0.08      27.40  0.00    0.00               1.00    0.00              
fsnotifier                         63636  0.11      28.95  0.00    0.00               0.00    0.00              
cpptools-srv                       82664  0.06      19.20  0.00    0.00               1.00    0.00              
Code Helper (Plugin)               87700  0.04      56.83  0.40    0.00               0.80    0.00              
replayd                            486    0.07      41.43  0.00    0.00               0.80    0.00              
WirelessRadioManagerd              320    0.10      63.62  0.00    0.00               0.00    0.00              
Code Helper (Renderer)             76434  0.16      47.94  0.00    0.00               0.20    0.00              
cpptools-srv                       84046  0.07      18.39  0.00    0.00               1.00    0.00              
Slack Helper (Plugin)              1225   0.07      86.91  0.00    0.00               0.40    0.00              
cpptools-srv                       82414  0.06      21.51  0.00    0.00               1.00    0.00              
trustd                             205    0.09      36.97  0.00    0.00               0.40    0.00              
Code Helper (Plugin)               81296  0.04      65.15  0.40    0.00               0.80    0.00              
appstoreagent                      71518  0.07      25.82  0.00    0.00               0.40    0.20              
nsurlsessiond                      201    0.07      23.57  0.00    0.00               0.40    0.00              
gamecontrollerd                    71511  0.06      42.58  0.00    0.00               0.20    0.00              
biometrickitd                      230    0.05      26.66  0.00    0.00               0.00    0.00              
apsd                               128    0.05      28.72  0.00    0.00               0.40    0.20              
Google Chrome Helper (Renderer)    70148  0.06      60.53  0.00    0.00               0.40    0.00              
corespotlightd                     574    0.05      18.05  0.00    0.00               0.20    0.00              
mDNSResponder                      203    0.06      35.30  0.40    0.00               0.80    0.00              
corespeechd                        815    0.04      21.53  0.00    0.00               0.20    0.00              
remindd                            71567  0.04      37.86  0.00    0.00               0.40    0.20              
gamecontrolleragentd               71512  0.04      40.66  0.00    0.00               0.20    0.20              
akd                                78106  0.05      34.48  0.00    0.00               0.40    0.20              
dasd                               137    0.04      28.03  0.00    0.00               0.20    0.00              
Code Helper (Plugin)               81713  0.05      64.44  0.40    0.00               0.80    0.20              
distnoted                          2304   0.04      20.79  0.00    0.00               0.00    0.00              
mDNSResponderHelper                234    0.04      40.87  0.00    0.00               1.00    0.00              
chrome_crashpad_handler            64885  0.04      36.49  0.00    0.00               0.40    0.20              
contextstored                      180    0.04      24.33  0.00    0.00               0.40    0.00              
distnoted                          3663   0.03      23.00  0.00    0.00               0.00    0.00              
distnoted                          402    0.03      25.17  0.00    0.00               0.00    0.00              
networkserviceproxy                68948  0.03      31.71  0.00    0.00               0.40    0.00              
distnoted                          1901   0.03      28.43  0.00    0.00               0.00    0.00              
distnoted                          271    0.04      21.16  0.00    0.00               0.00    0.00              
distnoted                          222    0.03      29.34  0.00    0.00               0.00    0.00              
analyticsd                         189    0.04      23.63  0.00    0.00               0.40    0.00              
distnoted                          2028   0.03      27.48  0.00    0.00               0.00    0.00              
parsecd                            84101  0.03      35.26  0.00    0.00               0.40    0.00              
distnoted                          2013   0.03      24.03  0.00    0.00               0.00    0.00              
distnoted                          218    0.03      32.43  0.00    0.00               0.00    0.00              
searchpartyuseragent               1689   0.03      30.62  0.00    0.00               0.40    0.00              
distnoted                          328    0.02      32.63  0.00    0.00               0.00    0.00              
distnoted                          355    0.02      32.20  0.00    0.00               0.00    0.00              
Slack Helper                       1224   0.04      88.09  0.00    0.00               0.20    0.00              
distnoted                          213    0.02      32.50  0.00    0.00               0.00    0.00              
distnoted                          336    0.02      32.87  0.00    0.00               0.00    0.00              
distnoted                          5393   0.02      30.47  0.00    0.00               0.00    0.00              
com.apple.audio.Core-Audio-Drive   71516  0.02      32.84  0.00    0.00               0.80    0.00              
distnoted                          335    0.02      32.10  0.00    0.00               0.00    0.00              
distnoted                          346    0.02      34.23  0.00    0.00               0.00    0.00              
Google Chrome Helper               71543  0.03      70.19  0.00    0.00               0.20    0.00              
commerce                           592    0.02      20.75  0.00    0.00               0.20    0.00              
familycircled                      512    0.02      24.50  0.00    0.00               0.20    0.00              
Spotlight                          565    0.02      31.74  0.00    0.00               0.20    0.00              
uninstalld                         91     0.02      18.39  0.00    0.00               0.20    0.00              
configd                            99     0.02      18.72  0.00    0.00               0.20    0.00              
PasswordBreachAgent                2377   0.02      27.13  0.00    0.00               0.20    0.00              
Code Helper (Plugin)               81107  0.03      51.43  0.20    0.00               0.40    0.00              
WindowManager                      438    0.02      28.09  0.00    0.00               0.20    0.00              
com.apple.iCloudHelper             71570  0.02      24.08  0.00    0.00               0.20    0.00              
assistantd                         84709  0.02      17.04  0.00    0.00               0.20    0.00              
com.apple.AccountPolicyHelper      71834  0.02      30.05  0.00    0.00               0.20    0.00              
Code Helper (Plugin)               87715  0.03      61.01  0.20    0.00               0.40    0.00              
Code Helper (Plugin)               77001  0.03      60.76  0.20    0.00               0.40    0.00              
Google Chrome Helper (Renderer)    70762  0.01      31.25  0.00    0.00               0.20    0.00              
Microsoft SharePoint               22408  0.02      32.14  0.00    0.00               0.20    0.00              
routined                           69103  0.02      18.53  0.00    0.00               0.20    0.00              
Code Helper (Plugin)               24350  0.03      60.49  0.20    0.00               0.40    0.00              
CommCenter                         71535  0.02      18.42  0.00    0.00               0.20    0.00              
Code Helper (Plugin)               24364  0.03      64.63  0.20    0.00               0.40    0.00              
syslogd                            123    0.02      13.66  0.00    0.00               0.20    0.00              
Google Chrome Helper (Renderer)    68015  0.01      34.38  0.00    0.00               0.20    0.00              
searchpartyd                       352    0.02      16.51  0.00    0.00               0.20    0.00              
identityservicesd                  449    0.01      30.44  0.00    0.00               0.20    0.00              
homed                              95657  0.01      21.90  0.00    0.00               0.20    0.00              
UserEventAgent                     89     0.01      26.22  0.00    0.00               0.20    0.00              
calaccessd                         68890  0.01      32.33  0.00    0.00               0.20    0.00              
chronod                            70465  0.01      24.20  0.00    0.00               0.20    0.00              
awdd                               478    0.01      26.40  0.00    0.00               0.20    0.00              
Google Chrome Helper (Renderer)    70182  0.01      37.32  0.00    0.00               0.20    0.20              
Google Chrome Helper (Renderer)    70249  0.01      32.83  0.00    0.00               0.20    0.00              
Google Chrome Helper (Renderer)    63943  0.01      35.33  0.00    0.00               0.20    0.00              
Google Chrome Helper (Renderer)    68014  0.01      36.67  0.00    0.00               0.20    0.00              
Google Chrome Helper (Renderer)    67019  0.01      34.96  0.00    0.00               0.20    0.00              
Google Chrome Helper (Renderer)    68236  0.01      44.49  0.00    0.00               0.20    0.00              
Google Chrome Helper (Renderer)    70150  0.01      43.58  0.00    0.00               0.20    0.00              
Google Chrome Helper (Renderer)    70106  0.01      57.81  0.00    0.00               0.20    0.00              
Google Chrome Helper (Renderer)    70425  0.00      53.88  0.00    0.00               0.20    0.00              
ALL_TASKS                          -2     1244.01   56.69  474.78  11.38              2837.13 544.04            


**** Battery and backlight usage ****

Battery: percent_charge: 100


**** Network activity ****

out: 104.18 packets/s, 7799.72 bytes/s
in:  105.18 packets/s, 7934.03 bytes/s


**** Disk activity ****

read: 110.36 ops/s 886.93 KBytes/s
write: 85.22 ops/s 1426.45 KBytes/s

****  Interrupt distribution ****

CPU 0:
	Total IRQ: 3640.21 interrupts/sec
	|-> IPI: 2525.00 interrupts/sec
	|-> TIMER: 472.39 interrupts/sec
CPU 1:
	Total IRQ: 3362.41 interrupts/sec
	|-> IPI: 1835.47 interrupts/sec
	|-> TIMER: 1101.84 interrupts/sec
CPU 2:
	Total IRQ: 2558.53 interrupts/sec
	|-> IPI: 2093.72 interrupts/sec
	|-> TIMER: 307.74 interrupts/sec
CPU 3:
	Total IRQ: 2166.17 interrupts/sec
	|-> IPI: 1753.65 interrupts/sec
	|-> TIMER: 281.60 interrupts/sec
CPU 4:
	Total IRQ: 305.75 interrupts/sec
	|-> IPI: 204.96 interrupts/sec
	|-> TIMER: 57.68 interrupts/sec
CPU 5:
	Total IRQ: 232.10 interrupts/sec
	|-> IPI: 167.44 interrupts/sec
	|-> TIMER: 58.47 interrupts/sec
CPU 6:
	Total IRQ: 190.99 interrupts/sec
	|-> IPI: 158.86 interrupts/sec
	|-> TIMER: 28.14 interrupts/sec
CPU 7:
	Total IRQ: 146.89 interrupts/sec
	|-> IPI: 110.16 interrupts/sec
	|-> TIMER: 34.73 interrupts/sec



**** Processor usage ****

E-Cluster HW active frequency: 1168 MHz
E-Cluster HW active residency:  65.04% (600 MHz:   0% 972 MHz:  75% 1332 MHz: 7.6% 1704 MHz: 5.3% 2064 MHz:  12%)
E-Cluster idle residency:  34.96%
CPU 0 frequency: 1149 MHz
CPU 0 active residency:  33.31% (600 MHz:   0% 972 MHz:  25% 1332 MHz: 3.1% 1704 MHz: 1.8% 2064 MHz: 3.1%)
CPU 0 idle residency:  66.69%
CPU 1 frequency: 1129 MHz
CPU 1 active residency:  41.30% (600 MHz:   0% 972 MHz:  32% 1332 MHz: 3.3% 1704 MHz: 2.1% 2064 MHz: 3.4%)
CPU 1 idle residency:  58.70%
CPU 2 frequency: 1125 MHz
CPU 2 active residency:  26.45% (600 MHz:   0% 972 MHz:  21% 1332 MHz: 2.4% 1704 MHz: 1.4% 2064 MHz: 2.0%)
CPU 2 idle residency:  73.55%
CPU 3 frequency: 1155 MHz
CPU 3 active residency:  23.30% (600 MHz:   0% 972 MHz:  17% 1332 MHz: 2.3% 1704 MHz: 1.3% 2064 MHz: 2.3%)
CPU 3 idle residency:  76.70%

P-Cluster HW active frequency: 798 MHz
P-Cluster HW active residency:   6.89% (600 MHz:  79% 828 MHz: 4.1% 1056 MHz: 4.5% 1284 MHz: 2.6% 1500 MHz: 1.8% 1728 MHz: 2.4% 1956 MHz: 1.7% 2184 MHz: 1.2% 2388 MHz: 1.6% 2592 MHz: .37% 2772 MHz: .39% 2988 MHz: .45% 3096 MHz: .24% 3144 MHz: .13% 3204 MHz: .05%)
P-Cluster idle residency:  93.11%
CPU 4 frequency: 1503 MHz
CPU 4 active residency:   4.34% (600 MHz: .09% 828 MHz: .72% 1056 MHz: 1.3% 1284 MHz: .44% 1500 MHz: .37% 1728 MHz: .31% 1956 MHz: .08% 2184 MHz: .17% 2388 MHz: .33% 2592 MHz: .11% 2772 MHz: .15% 2988 MHz: .06% 3096 MHz: .04% 3144 MHz: .17% 3204 MHz:   0%)
CPU 4 idle residency:  95.66%
CPU 5 frequency: 1754 MHz
CPU 5 active residency:   3.20% (600 MHz: .09% 828 MHz: .29% 1056 MHz: .54% 1284 MHz: .59% 1500 MHz: .25% 1728 MHz: .21% 1956 MHz: .17% 2184 MHz: .12% 2388 MHz: .24% 2592 MHz: .09% 2772 MHz: .11% 2988 MHz: .21% 3096 MHz: .15% 3144 MHz: .15% 3204 MHz:   0%)
CPU 5 idle residency:  96.80%
CPU 6 frequency: 1565 MHz
CPU 6 active residency:   1.94% (600 MHz: .02% 828 MHz: .24% 1056 MHz: .41% 1284 MHz: .37% 1500 MHz: .10% 1728 MHz: .29% 1956 MHz: .18% 2184 MHz: .02% 2388 MHz: .11% 2592 MHz: .02% 2772 MHz: .02% 2988 MHz: .02% 3096 MHz: .01% 3144 MHz: .12% 3204 MHz:   0%)
CPU 6 idle residency:  98.06%
CPU 7 frequency: 1691 MHz
CPU 7 active residency:   1.58% (600 MHz: .03% 828 MHz: .12% 1056 MHz: .18% 1284 MHz: .34% 1500 MHz: .14% 1728 MHz: .27% 1956 MHz: .20% 2184 MHz: .04% 2388 MHz: .03% 2592 MHz: .02% 2772 MHz: .03% 2988 MHz: .03% 3096 MHz: .02% 3144 MHz: .11% 3204 MHz: .02%)
CPU 7 idle residency:  98.42%

CPU Power: 200 mW
GPU Power: 25 mW
ANE Power: 0 mW
Combined Power (CPU + GPU + ANE): 226 mW

**** GPU usage ****

GPU HW active frequency: 708 MHz
GPU HW active residency:  27.00% (396 MHz: 1.0% 528 MHz:   0% 720 MHz:  26% 924 MHz:   0% 1128 MHz:   0% 1278 MHz:   0%)
GPU SW requested state: (P1 :   0% P2 :   0% P3 : 100% P4 :   0% P5 :   0% P6 :   0%)
GPU SW state: (SW_P1 :   0% SW_P2 :   0% SW_P3 :   0% SW_P4 :   0% SW_P5 :   0% SW_P6 :   0%)
GPU idle residency:  73.00%
GPU Power: 25 mW

